<?xml version="1.0" encoding="UTF-8"?>
<testng-results ignored="0" total="1" passed="1" failed="0" skipped="0">
  <reporter-output>
  </reporter-output>
  <suite started-at="2022-09-10T16:55:25 IST" name="Default suite" finished-at="2022-09-10T16:55:59 IST" duration-ms="33568">
    <groups>
    </groups>
    <test started-at="2022-09-10T16:55:25 IST" name="Default test" finished-at="2022-09-10T16:55:59 IST" duration-ms="33568">
      <class name="Dynamic_elements.TestClass">
        <test-method is-config="true" signature="openFlipkart()[pri:0, instance:Dynamic_elements.TestClass@611889f4]" started-at="2022-09-10T16:55:25 IST" name="openFlipkart" finished-at="2022-09-10T16:55:48 IST" duration-ms="22874" status="PASS">
          <reporter-output>
          </reporter-output>
        </test-method> <!-- openFlipkart -->
        <test-method is-config="true" signature="logIn()[pri:0, instance:Dynamic_elements.TestClass@611889f4]" started-at="2022-09-10T16:55:48 IST" name="logIn" finished-at="2022-09-10T16:55:50 IST" duration-ms="2112" status="PASS">
          <reporter-output>
          </reporter-output>
        </test-method> <!-- logIn -->
        <test-method signature="dynamicElements()[pri:0, instance:Dynamic_elements.TestClass@611889f4]" started-at="2022-09-10T16:55:50 IST" name="dynamicElements" finished-at="2022-09-10T16:55:56 IST" duration-ms="6116" status="PASS">
          <reporter-output>
          </reporter-output>
        </test-method> <!-- dynamicElements -->
        <test-method is-config="true" signature="logOut()[pri:0, instance:Dynamic_elements.TestClass@611889f4]" started-at="2022-09-10T16:55:56 IST" name="logOut" finished-at="2022-09-10T16:55:56 IST" duration-ms="0" status="PASS">
          <reporter-output>
          </reporter-output>
        </test-method> <!-- logOut -->
        <test-method is-config="true" signature="closeFlipkart()[pri:0, instance:Dynamic_elements.TestClass@611889f4]" started-at="2022-09-10T16:55:56 IST" name="closeFlipkart" finished-at="2022-09-10T16:55:59 IST" duration-ms="2412" status="PASS">
          <reporter-output>
          </reporter-output>
        </test-method> <!-- closeFlipkart -->
      </class> <!-- Dynamic_elements.TestClass -->
    </test> <!-- Default test -->
  </suite> <!-- Default suite -->
</testng-results>
